{"numTotalTestSuites":29,"numPassedTestSuites":29,"numFailedTestSuites":0,"numPendingTestSuites":0,"numTotalTests":116,"numPassedTests":116,"numFailedTests":0,"numPendingTests":0,"numTodoTests":0,"snapshot":{"added":0,"failure":false,"filesAdded":0,"filesRemoved":0,"filesRemovedList":[],"filesUnmatched":0,"filesUpdated":0,"matched":0,"total":0,"unchecked":0,"uncheckedKeysByFile":[],"unmatched":0,"updated":0,"didUpdate":false},"startTime":1778344182576,"success":true,"testResults":[{"assertionResults":[{"ancestorTitles":["useAppStore"],"fullName":"useAppStore 初始状态: isFirstRun 为 true","status":"passed","title":"初始状态: isFirstRun 为 true","duration":2.2552230000001146,"failureMessages":[],"meta":{},"tags":[]},{"ancestorTitles":["useAppStore"],"fullName":"useAppStore 初始状态: shareInfo 为 null","status":"passed","title":"初始状态: shareInfo 为 null","duration":0.4650379999998222,"failureMessages":[],"meta":{},"tags":[]},{"ancestorTitles":["useAppStore"],"fullName":"useAppStore 初始状态: rpc_servers 为空","status":"passed","title":"初始状态: rpc_servers 为空","duration":1.0607179999999516,"failureMessages":[],"meta":{},"tags":[]},{"ancestorTitles":["useAppStore"],"fullName":"useAppStore setShareInfo 更新分享信息","status":"passed","title":"setShareInfo 更新分享信息","duration":1.1476350000000366,"failureMessages":[],"meta":{},"tags":[]},{"ancestorTitles":["useAppStore"],"fullName":"useAppStore setShareInfo 为 null 时清空选中文件","status":"passed","title":"setShareInfo 为 null 时清空选中文件","duration":0.7412899999999354,"failureMessages":[],"meta":{},"tags":[]},{"ancestorTitles":["useAppStore"],"fullName":"useAppStore toggleFileSelection 选中文件","status":"passed","title":"toggleFileSelection 选中文件","duration":0.4261380000000372,"failureMessages":[],"meta":{},"tags":[]},{"ancestorTitles":["useAppStore"],"fullName":"useAppStore toggleFileSelection 取消选中","status":"passed","title":"toggleFileSelection 取消选中","duration":0.5350479999999607,"failureMessages":[],"meta":{},"tags":[]},{"ancestorTitles":["useAppStore"],"fullName":"useAppStore toggleFileSelection 多次选中不同文件","status":"passed","title":"toggleFileSelection 多次选中不同文件","duration":0.7655680000000302,"failureMessages":[],"meta":{},"tags":[]},{"ancestorTitles":["useAppStore"],"fullName":"useAppStore selectAllFiles 全选","status":"passed","title":"selectAllFiles 全选","duration":0.5967530000000352,"failureMessages":[],"meta":{},"tags":[]},{"ancestorTitles":["useAppStore"],"fullName":"useAppStore deselectAllFiles 全部取消","status":"passed","title":"deselectAllFiles 全部取消","duration":0.5318640000000414,"failureMessages":[],"meta":{},"tags":[]},{"ancestorTitles":["useAppStore"],"fullName":"useAppStore toggleFileSelection 无 shareInfo 时不操作","status":"passed","title":"toggleFileSelection 无 shareInfo 时不操作","duration":0.42709800000011455,"failureMessages":[],"meta":{},"tags":[]},{"ancestorTitles":["useAppStore"],"fullName":"useAppStore addTask 添加任务","status":"passed","title":"addTask 添加任务","duration":0.4296280000000934,"failureMessages":[],"meta":{},"tags":[]},{"ancestorTitles":["useAppStore"],"fullName":"useAppStore updateTaskStatus 更新任务状态","status":"passed","title":"updateTaskStatus 更新任务状态","duration":0.30451300000004267,"failureMessages":[],"meta":{},"tags":[]},{"ancestorTitles":["useAppStore"],"fullName":"useAppStore updateTaskStatus 不影响其他任务","status":"passed","title":"updateTaskStatus 不影响其他任务","duration":0.3388720000000376,"failureMessages":[],"meta":{},"tags":[]},{"ancestorTitles":["useAppStore"],"fullName":"useAppStore removeTask 删除任务","status":"passed","title":"removeTask 删除任务","duration":0.3041000000000622,"failureMessages":[],"meta":{},"tags":[]},{"ancestorTitles":["useAppStore"],"fullName":"useAppStore setLoading 设置加载状态","status":"passed","title":"setLoading 设置加载状态","duration":0.25745500000016364,"failureMessages":[],"meta":{},"tags":[]},{"ancestorTitles":["useAppStore"],"fullName":"useAppStore setError 设置错误信息","status":"passed","title":"setError 设置错误信息","duration":0.21597700000006625,"failureMessages":[],"meta":{},"tags":[]},{"ancestorTitles":["useAppStore"],"fullName":"useAppStore setTheme 切换主题","status":"passed","title":"setTheme 切换主题","duration":0.26284199999986413,"failureMessages":[],"meta":{},"tags":[]},{"ancestorTitles":["useAppStore"],"fullName":"useAppStore addRpcServer 添加 RPC 服务器","status":"passed","title":"addRpcServer 添加 RPC 服务器","duration":0.3411639999999352,"failureMessages":[],"meta":{},"tags":[]},{"ancestorTitles":["useAppStore"],"fullName":"useAppStore removeRpcServer 删除 RPC 服务器","status":"passed","title":"removeRpcServer 删除 RPC 服务器","duration":0.34611900000004425,"failureMessages":[],"meta":{},"tags":[]},{"ancestorTitles":["useAppStore"],"fullName":"useAppStore updateRpcServer 更新 RPC 服务器","status":"passed","title":"updateRpcServer 更新 RPC 服务器","duration":0.3207919999999831,"failureMessages":[],"meta":{},"tags":[]},{"ancestorTitles":["useAppStore"],"fullName":"useAppStore setDefaultRpcServer 设置默认服务器","status":"passed","title":"setDefaultRpcServer 设置默认服务器","duration":0.2993580000002112,"failureMessages":[],"meta":{},"tags":[]},{"ancestorTitles":["useAppStore"],"fullName":"useAppStore setFirstRunComplete 标记首次运行完成","status":"passed","title":"setFirstRunComplete 标记首次运行完成","duration":0.2294280000000981,"failureMessages":[],"meta":{},"tags":[]},{"ancestorTitles":["useAppStore"],"fullName":"useAppStore setConfig 完整替换配置","status":"passed","title":"setConfig 完整替换配置","duration":0.34887400000002344,"failureMessages":[],"meta":{},"tags":[]}],"startTime":1778344192884,"endTime":1778344192897.3489,"status":"passed","message":"","name":"/workspace/linkswift-desktop/tests/store.test.ts"},{"assertionResults":[{"ancestorTitles":["FileItem 类型"],"fullName":"FileItem 类型 FileItem 必填字段完整","status":"passed","title":"FileItem 必填字段完整","duration":2.1104089999998905,"failureMessages":[],"meta":{},"tags":[]},{"ancestorTitles":["FileItem 类型"],"fullName":"FileItem 类型 FileItem 可选字段可省略","status":"passed","title":"FileItem 可选字段可省略","duration":0.3332829999999376,"failureMessages":[],"meta":{},"tags":[]},{"ancestorTitles":["FileItem 类型"],"fullName":"FileItem 类型 FileItem 文件夹类型","status":"passed","title":"FileItem 文件夹类型","duration":0.3307000000002063,"failureMessages":[],"meta":{},"tags":[]},{"ancestorTitles":["FileItem 类型"],"fullName":"FileItem 类型 FileItem 完整字段","status":"passed","title":"FileItem 完整字段","duration":0.37333600000010847,"failureMessages":[],"meta":{},"tags":[]},{"ancestorTitles":["ShareInfo 类型"],"fullName":"ShareInfo 类型 ShareInfo 无密码分享","status":"passed","title":"ShareInfo 无密码分享","duration":1.022476000000097,"failureMessages":[],"meta":{},"tags":[]},{"ancestorTitles":["ShareInfo 类型"],"fullName":"ShareInfo 类型 ShareInfo 有密码分享","status":"passed","title":"ShareInfo 有密码分享","duration":0.33834300000012263,"failureMessages":[],"meta":{},"tags":[]},{"ancestorTitles":["DownloadLink 类型"],"fullName":"DownloadLink 类型 DownloadLink 包含直链信息","status":"passed","title":"DownloadLink 包含直链信息","duration":0.49463799999989533,"failureMessages":[],"meta":{},"tags":[]},{"ancestorTitles":["DownloadLink 类型"],"fullName":"DownloadLink 类型 DownloadLink md5 可选","status":"passed","title":"DownloadLink md5 可选","duration":0.32627000000002226,"failureMessages":[],"meta":{},"tags":[]},{"ancestorTitles":["AppConfig 类型"],"fullName":"AppConfig 类型 AppConfig 默认值","status":"passed","title":"AppConfig 默认值","duration":0.6202369999998609,"failureMessages":[],"meta":{},"tags":[]},{"ancestorTitles":["AppConfig 类型"],"fullName":"AppConfig 类型 AppConfig 完整配置","status":"passed","title":"AppConfig 完整配置","duration":0.5414710000000014,"failureMessages":[],"meta":{},"tags":[]},{"ancestorTitles":["RpcServer 类型"],"fullName":"RpcServer 类型 RpcServer 基本配置","status":"passed","title":"RpcServer 基本配置","duration":0.2927740000000085,"failureMessages":[],"meta":{},"tags":[]},{"ancestorTitles":["RpcServer 类型"],"fullName":"RpcServer 类型 DownloaderType 所有变体","status":"passed","title":"DownloaderType 所有变体","duration":0.2995530000000599,"failureMessages":[],"meta":{},"tags":[]},{"ancestorTitles":["TaskStatus 类型"],"fullName":"TaskStatus 类型 TaskStatus Pending","status":"passed","title":"TaskStatus Pending","duration":0.19350899999994908,"failureMessages":[],"meta":{},"tags":[]},{"ancestorTitles":["TaskStatus 类型"],"fullName":"TaskStatus 类型 TaskStatus Transferring with progress","status":"passed","title":"TaskStatus Transferring with progress","duration":0.14678500000013628,"failureMessages":[],"meta":{},"tags":[]},{"ancestorTitles":["TaskStatus 类型"],"fullName":"TaskStatus 类型 TaskStatus Failed with reason","status":"passed","title":"TaskStatus Failed with reason","duration":0.13117700000020704,"failureMessages":[],"meta":{},"tags":[]},{"ancestorTitles":["PaginatedFiles 类型"],"fullName":"PaginatedFiles 类型 PaginatedFiles 分页信息","status":"passed","title":"PaginatedFiles 分页信息","duration":0.1631560000000718,"failureMessages":[],"meta":{},"tags":[]},{"ancestorTitles":["DownloadTask 类型"],"fullName":"DownloadTask 类型 DownloadTask 完整结构","status":"passed","title":"DownloadTask 完整结构","duration":0.1652480000000196,"failureMessages":[],"meta":{},"tags":[]},{"ancestorTitles":["Theme 类型"],"fullName":"Theme 类型 Theme 所有变体","status":"passed","title":"Theme 所有变体","duration":0.19745299999999588,"failureMessages":[],"meta":{},"tags":[]},{"ancestorTitles":["ProxyConfig 类型"],"fullName":"ProxyConfig 类型 ProxyConfig 无认证","status":"passed","title":"ProxyConfig 无认证","duration":0.2479990000001635,"failureMessages":[],"meta":{},"tags":[]},{"ancestorTitles":["ProxyConfig 类型"],"fullName":"ProxyConfig 类型 ProxyConfig 有认证","status":"passed","title":"ProxyConfig 有认证","duration":0.1385579999998754,"failureMessages":[],"meta":{},"tags":[]}],"startTime":1778344194069,"endTime":1778344194078.248,"status":"passed","message":"","name":"/workspace/linkswift-desktop/tests/types.test.ts"},{"assertionResults":[{"ancestorTitles":["formatFileSize"],"fullName":"formatFileSize 0 字节","status":"passed","title":"0 字节","duration":1.9242679999999837,"failureMessages":[],"meta":{},"tags":[]},{"ancestorTitles":["formatFileSize"],"fullName":"formatFileSize 字节","status":"passed","title":"字节","duration":0.29292099999997845,"failureMessages":[],"meta":{},"tags":[]},{"ancestorTitles":["formatFileSize"],"fullName":"formatFileSize KB","status":"passed","title":"KB","duration":0.27008999999998196,"failureMessages":[],"meta":{},"tags":[]},{"ancestorTitles":["formatFileSize"],"fullName":"formatFileSize MB","status":"passed","title":"MB","duration":0.25189499999987675,"failureMessages":[],"meta":{},"tags":[]},{"ancestorTitles":["formatFileSize"],"fullName":"formatFileSize GB","status":"passed","title":"GB","duration":0.29974200000015117,"failureMessages":[],"meta":{},"tags":[]},{"ancestorTitles":["formatFileSize"],"fullName":"formatFileSize TB","status":"passed","title":"TB","duration":0.18223699999998644,"failureMessages":[],"meta":{},"tags":[]},{"ancestorTitles":["formatFileSize"],"fullName":"formatFileSize 1.5 GB","status":"passed","title":"1.5 GB","duration":0.29696199999989403,"failureMessages":[],"meta":{},"tags":[]},{"ancestorTitles":["formatFileSize"],"fullName":"formatFileSize 12.3 GB","status":"passed","title":"12.3 GB","duration":0.18518500000004678,"failureMessages":[],"meta":{},"tags":[]},{"ancestorTitles":["formatTimestamp"],"fullName":"formatTimestamp 0 返回占位符","status":"passed","title":"0 返回占位符","duration":0.4168720000000121,"failureMessages":[],"meta":{},"tags":[]},{"ancestorTitles":["formatTimestamp"],"fullName":"formatTimestamp 有效时间戳","status":"passed","title":"有效时间戳","duration":18.548062999999956,"failureMessages":[],"meta":{},"tags":[]},{"ancestorTitles":["parseShareUrl"],"fullName":"parseShareUrl 有效的夸克分享链接","status":"passed","title":"有效的夸克分享链接","duration":0.3514950000001136,"failureMessages":[],"meta":{},"tags":[]},{"ancestorTitles":["parseShareUrl"],"fullName":"parseShareUrl 带尾部斜杠的链接","status":"passed","title":"带尾部斜杠的链接","duration":0.19847900000013396,"failureMessages":[],"meta":{},"tags":[]},{"ancestorTitles":["parseShareUrl"],"fullName":"parseShareUrl 带查询参数的链接","status":"passed","title":"带查询参数的链接","duration":0.12695799999983137,"failureMessages":[],"meta":{},"tags":[]},{"ancestorTitles":["parseShareUrl"],"fullName":"parseShareUrl http 协议","status":"passed","title":"http 协议","duration":0.1309439999999995,"failureMessages":[],"meta":{},"tags":[]},{"ancestorTitles":["parseShareUrl"],"fullName":"parseShareUrl 无效域名","status":"passed","title":"无效域名","duration":0.14036099999998441,"failureMessages":[],"meta":{},"tags":[]},{"ancestorTitles":["parseShareUrl"],"fullName":"parseShareUrl 非 URL 字符串","status":"passed","title":"非 URL 字符串","duration":0.10060700000008183,"failureMessages":[],"meta":{},"tags":[]},{"ancestorTitles":["parseShareUrl"],"fullName":"parseShareUrl 空字符串","status":"passed","title":"空字符串","duration":0.10110099999997146,"failureMessages":[],"meta":{},"tags":[]},{"ancestorTitles":["parseShareUrl"],"fullName":"parseShareUrl 缺少分享 ID","status":"passed","title":"缺少分享 ID","duration":0.0935340000000906,"failureMessages":[],"meta":{},"tags":[]},{"ancestorTitles":["isValidUrl"],"fullName":"isValidUrl 有效 URL","status":"passed","title":"有效 URL","duration":0.15773600000011356,"failureMessages":[],"meta":{},"tags":[]},{"ancestorTitles":["isValidUrl"],"fullName":"isValidUrl http URL","status":"passed","title":"http URL","duration":0.1164929999999913,"failureMessages":[],"meta":{},"tags":[]},{"ancestorTitles":["isValidUrl"],"fullName":"isValidUrl 无效 URL","status":"passed","title":"无效 URL","duration":0.3839739999998528,"failureMessages":[],"meta":{},"tags":[]},{"ancestorTitles":["isValidUrl"],"fullName":"isValidUrl 空字符串","status":"passed","title":"空字符串","duration":0.20711499999993066,"failureMessages":[],"meta":{},"tags":[]},{"ancestorTitles":["getErrorMessage"],"fullName":"getErrorMessage Error 对象","status":"passed","title":"Error 对象","duration":0.3002089999999953,"failureMessages":[],"meta":{},"tags":[]},{"ancestorTitles":["getErrorMessage"],"fullName":"getErrorMessage 字符串","status":"passed","title":"字符串","duration":0.13988599999993312,"failureMessages":[],"meta":{},"tags":[]},{"ancestorTitles":["getErrorMessage"],"fullName":"getErrorMessage 其他类型","status":"passed","title":"其他类型","duration":0.12466599999993377,"failureMessages":[],"meta":{},"tags":[]},{"ancestorTitles":["getErrorMessage"],"fullName":"getErrorMessage null","status":"passed","title":"null","duration":0.09734000000003107,"failureMessages":[],"meta":{},"tags":[]},{"ancestorTitles":["getErrorMessage"],"fullName":"getErrorMessage undefined","status":"passed","title":"undefined","duration":0.09135199999991528,"failureMessages":[],"meta":{},"tags":[]}],"startTime":1778344191668,"endTime":1778344191694.3003,"status":"passed","message":"","name":"/workspace/linkswift-desktop/tests/utils.test.ts"},{"assertionResults":[{"ancestorTitles":["FileList 组件"],"fullName":"FileList 组件 渲染文件列表","status":"passed","title":"渲染文件列表","duration":52.26768100000004,"failureMessages":[],"meta":{},"tags":[]},{"ancestorTitles":["FileList 组件"],"fullName":"FileList 组件 文件显示正确的大小格式","status":"passed","title":"文件显示正确的大小格式","duration":7.762867000000142,"failureMessages":[],"meta":{},"tags":[]},{"ancestorTitles":["FileList 组件"],"fullName":"FileList 组件 文件夹显示文件夹图标","status":"passed","title":"文件夹显示文件夹图标","duration":6.507001999999829,"failureMessages":[],"meta":{},"tags":[]},{"ancestorTitles":["FileList 组件"],"fullName":"FileList 组件 文件显示文件图标","status":"passed","title":"文件显示文件图标","duration":5.508604000000105,"failureMessages":[],"meta":{},"tags":[]},{"ancestorTitles":["FileList 组件"],"fullName":"FileList 组件 点击复选框触发 onToggle","status":"passed","title":"点击复选框触发 onToggle","duration":14.718832999999904,"failureMessages":[],"meta":{},"tags":[]},{"ancestorTitles":["FileList 组件"],"fullName":"FileList 组件 全选按钮触发 onSelectAll","status":"passed","title":"全选按钮触发 onSelectAll","duration":6.811253000000079,"failureMessages":[],"meta":{},"tags":[]},{"ancestorTitles":["FileList 组件"],"fullName":"FileList 组件 反选按钮触发 onDeselectAll","status":"passed","title":"反选按钮触发 onDeselectAll","duration":5.0191990000000715,"failureMessages":[],"meta":{},"tags":[]},{"ancestorTitles":["FileList 组件"],"fullName":"FileList 组件 已选中的文件 checkbox 为 checked","status":"passed","title":"已选中的文件 checkbox 为 checked","duration":6.1597330000001875,"failureMessages":[],"meta":{},"tags":[]},{"ancestorTitles":["FileList 组件"],"fullName":"FileList 组件 点击文件夹触发 onExpand","status":"passed","title":"点击文件夹触发 onExpand","duration":5.0428790000000845,"failureMessages":[],"meta":{},"tags":[]},{"ancestorTitles":["FileList 组件"],"fullName":"FileList 组件 空文件列表渲染","status":"passed","title":"空文件列表渲染","duration":2.0459119999998165,"failureMessages":[],"meta":{},"tags":[]}],"startTime":1778344188982,"endTime":1778344189094.046,"status":"passed","message":"","name":"/workspace/linkswift-desktop/tests/components/FileList.test.tsx"},{"assertionResults":[{"ancestorTitles":["FirstRunWizard 组件"],"fullName":"FirstRunWizard 组件 渲染向导第一步","status":"passed","title":"渲染向导第一步","duration":33.605698000000075,"failureMessages":[],"meta":{},"tags":[]},{"ancestorTitles":["FirstRunWizard 组件"],"fullName":"FirstRunWizard 组件 第一步显示登录按钮","status":"passed","title":"第一步显示登录按钮","duration":5.2885590000000775,"failureMessages":[],"meta":{},"tags":[]},{"ancestorTitles":["FirstRunWizard 组件"],"fullName":"FirstRunWizard 组件 未登录时下一步按钮禁用","status":"passed","title":"未登录时下一步按钮禁用","duration":4.253594999999905,"failureMessages":[],"meta":{},"tags":[]},{"ancestorTitles":["FirstRunWizard 组件"],"fullName":"FirstRunWizard 组件 登录成功后下一步按钮启用","status":"passed","title":"登录成功后下一步按钮启用","duration":14.595010000000002,"failureMessages":[],"meta":{},"tags":[]},{"ancestorTitles":["FirstRunWizard 组件"],"fullName":"FirstRunWizard 组件 点击下一步进入 RPC 配置步骤","status":"passed","title":"点击下一步进入 RPC 配置步骤","duration":14.092228000000205,"failureMessages":[],"meta":{},"tags":[]},{"ancestorTitles":["FirstRunWizard 组件"],"fullName":"FirstRunWizard 组件 RPC 配置步骤显示输入框","status":"passed","title":"RPC 配置步骤显示输入框","duration":10.264543000000003,"failureMessages":[],"meta":{},"tags":[]},{"ancestorTitles":["FirstRunWizard 组件"],"fullName":"FirstRunWizard 组件 上一步按钮返回登录步骤","status":"passed","title":"上一步按钮返回登录步骤","duration":10.843706000000111,"failureMessages":[],"meta":{},"tags":[]},{"ancestorTitles":["FirstRunWizard 组件"],"fullName":"FirstRunWizard 组件 完成步骤调用 onComplete","status":"passed","title":"完成步骤调用 onComplete","duration":16.20383700000002,"failureMessages":[],"meta":{},"tags":[]},{"ancestorTitles":["FirstRunWizard 组件"],"fullName":"FirstRunWizard 组件 显示步骤进度","status":"passed","title":"显示步骤进度","duration":11.220587000000023,"failureMessages":[],"meta":{},"tags":[]}],"startTime":1778344187582,"endTime":1778344187702.2207,"status":"passed","message":"","name":"/workspace/linkswift-desktop/tests/components/FirstRunWizard.test.tsx"},{"assertionResults":[{"ancestorTitles":["LinkInput 组件"],"fullName":"LinkInput 组件 渲染输入框和解析按钮","status":"passed","title":"渲染输入框和解析按钮","duration":39.849969999999985,"failureMessages":[],"meta":{},"tags":[]},{"ancestorTitles":["LinkInput 组件"],"fullName":"LinkInput 组件 输入 URL 后点击解析按钮调用 onParse","status":"passed","title":"输入 URL 后点击解析按钮调用 onParse","duration":252.88731699999994,"failureMessages":[],"meta":{},"tags":[]},{"ancestorTitles":["LinkInput 组件"],"fullName":"LinkInput 组件 空输入点击解析显示错误","status":"passed","title":"空输入点击解析显示错误","duration":6.102509000000055,"failureMessages":[],"meta":{},"tags":[]},{"ancestorTitles":["LinkInput 组件"],"fullName":"LinkInput 组件 加载中状态禁用按钮","status":"passed","title":"加载中状态禁用按钮","duration":3.8733830000001035,"failureMessages":[],"meta":{},"tags":[]},{"ancestorTitles":["LinkInput 组件"],"fullName":"LinkInput 组件 Enter 键触发解析","status":"passed","title":"Enter 键触发解析","duration":82.71877500000005,"failureMessages":[],"meta":{},"tags":[]},{"ancestorTitles":["LinkInput 组件"],"fullName":"LinkInput 组件 输入框有正确的 placeholder","status":"passed","title":"输入框有正确的 placeholder","duration":3.146295999999893,"failureMessages":[],"meta":{},"tags":[]},{"ancestorTitles":["LinkInput 组件"],"fullName":"LinkInput 组件 输入内容后清除错误","status":"passed","title":"输入内容后清除错误","duration":80.0954079999999,"failureMessages":[],"meta":{},"tags":[]}],"startTime":1778344185844,"endTime":1778344186313.0955,"status":"passed","message":"","name":"/workspace/linkswift-desktop/tests/components/LinkInput.test.tsx"},{"assertionResults":[{"ancestorTitles":["Settings 组件"],"fullName":"Settings 组件 渲染设置面板","status":"passed","title":"渲染设置面板","duration":39.90970600000014,"failureMessages":[],"meta":{},"tags":[]},{"ancestorTitles":["Settings 组件"],"fullName":"Settings 组件 显示登录状态","status":"passed","title":"显示登录状态","duration":7.039001999999982,"failureMessages":[],"meta":{},"tags":[]},{"ancestorTitles":["Settings 组件"],"fullName":"Settings 组件 未登录状态","status":"passed","title":"未登录状态","duration":5.756520999999793,"failureMessages":[],"meta":{},"tags":[]},{"ancestorTitles":["Settings 组件"],"fullName":"Settings 组件 显示已配置的 RPC 服务器","status":"passed","title":"显示已配置的 RPC 服务器","duration":14.429325999999946,"failureMessages":[],"meta":{},"tags":[]},{"ancestorTitles":["Settings 组件"],"fullName":"Settings 组件 删除 RPC 服务器","status":"passed","title":"删除 RPC 服务器","duration":12.297180000000026,"failureMessages":[],"meta":{},"tags":[]},{"ancestorTitles":["Settings 组件"],"fullName":"Settings 组件 重新登录按钮","status":"passed","title":"重新登录按钮","duration":5.710524000000078,"failureMessages":[],"meta":{},"tags":[]},{"ancestorTitles":["Settings 组件"],"fullName":"Settings 组件 添加 RPC 服务器","status":"passed","title":"添加 RPC 服务器","duration":306.9083969999999,"failureMessages":[],"meta":{},"tags":[]},{"ancestorTitles":["Settings 组件"],"fullName":"Settings 组件 测试连接成功","status":"passed","title":"测试连接成功","duration":91.92737299999999,"failureMessages":[],"meta":{},"tags":[]},{"ancestorTitles":["Settings 组件"],"fullName":"Settings 组件 测试连接失败","status":"passed","title":"测试连接失败","duration":84.69761800000015,"failureMessages":[],"meta":{},"tags":[]}],"startTime":1778344183966,"endTime":1778344184534.6975,"status":"passed","message":"","name":"/workspace/linkswift-desktop/tests/components/Settings.test.tsx"},{"assertionResults":[{"ancestorTitles":["TaskQueue 组件"],"fullName":"TaskQueue 组件 渲染任务队列","status":"passed","title":"渲染任务队列","duration":35.719442999999956,"failureMessages":[],"meta":{},"tags":[]},{"ancestorTitles":["TaskQueue 组件"],"fullName":"TaskQueue 组件 显示任务数量","status":"passed","title":"显示任务数量","duration":16.072794999999815,"failureMessages":[],"meta":{},"tags":[]},{"ancestorTitles":["TaskQueue 组件"],"fullName":"TaskQueue 组件 已完成任务显示完成图标","status":"passed","title":"已完成任务显示完成图标","duration":5.120218000000023,"failureMessages":[],"meta":{},"tags":[]},{"ancestorTitles":["TaskQueue 组件"],"fullName":"TaskQueue 组件 进行中任务显示进度","status":"passed","title":"进行中任务显示进度","duration":5.1556309999998575,"failureMessages":[],"meta":{},"tags":[]},{"ancestorTitles":["TaskQueue 组件"],"fullName":"TaskQueue 组件 进行中任务显示进度条","status":"passed","title":"进行中任务显示进度条","duration":5.954715000000078,"failureMessages":[],"meta":{},"tags":[]},{"ancestorTitles":["TaskQueue 组件"],"fullName":"TaskQueue 组件 失败任务显示错误原因","status":"passed","title":"失败任务显示错误原因","duration":3.794828999999936,"failureMessages":[],"meta":{},"tags":[]},{"ancestorTitles":["TaskQueue 组件"],"fullName":"TaskQueue 组件 失败任务显示重试按钮","status":"passed","title":"失败任务显示重试按钮","duration":10.541703999999982,"failureMessages":[],"meta":{},"tags":[]},{"ancestorTitles":["TaskQueue 组件"],"fullName":"TaskQueue 组件 已完成任务不显示重试按钮","status":"passed","title":"已完成任务不显示重试按钮","duration":4.522720000000163,"failureMessages":[],"meta":{},"tags":[]},{"ancestorTitles":["TaskQueue 组件"],"fullName":"TaskQueue 组件 删除按钮触发 onRemove","status":"passed","title":"删除按钮触发 onRemove","duration":4.955206999999973,"failureMessages":[],"meta":{},"tags":[]},{"ancestorTitles":["TaskQueue 组件"],"fullName":"TaskQueue 组件 空任务队列","status":"passed","title":"空任务队列","duration":2.4123199999999088,"failureMessages":[],"meta":{},"tags":[]}],"startTime":1778344190375,"endTime":1778344190469.4124,"status":"passed","message":"","name":"/workspace/linkswift-desktop/tests/components/TaskQueue.test.tsx"}]}