{"numTotalTestSuites":33,"numPassedTestSuites":33,"numFailedTestSuites":0,"numPendingTestSuites":0,"numTotalTests":125,"numPassedTests":125,"numFailedTests":0,"numPendingTests":0,"numTodoTests":0,"snapshot":{"added":0,"failure":false,"filesAdded":0,"filesRemoved":0,"filesRemovedList":[],"filesUnmatched":0,"filesUpdated":0,"matched":0,"total":0,"unchecked":0,"uncheckedKeysByFile":[],"unmatched":0,"updated":0,"didUpdate":false},"startTime":1778397890504,"success":true,"testResults":[{"assertionResults":[{"ancestorTitles":["App 主组件"],"fullName":"App 主组件 首次运行时渲染 FirstRunWizard 而非 Vite 模板","status":"passed","title":"首次运行时渲染 FirstRunWizard 而非 Vite 模板","duration":30.593057000000044,"failureMessages":[],"meta":{},"tags":[]},{"ancestorTitles":["App 主组件"],"fullName":"App 主组件 非首次运行时渲染主应用界面（LinkInput）","status":"passed","title":"非首次运行时渲染主应用界面（LinkInput）","duration":6.454636000000164,"failureMessages":[],"meta":{},"tags":[]},{"ancestorTitles":["App 主组件"],"fullName":"App 主组件 不应渲染 Vite 模板的计数器按钮","status":"passed","title":"不应渲染 Vite 模板的计数器按钮","duration":86.95997800000009,"failureMessages":[],"meta":{},"tags":[]},{"ancestorTitles":["App 主组件"],"fullName":"App 主组件 有分享信息时渲染 FileList","status":"passed","title":"有分享信息时渲染 FileList","duration":4.585280000000012,"failureMessages":[],"meta":{},"tags":[]},{"ancestorTitles":["App 主组件"],"fullName":"App 主组件 有任务时渲染 TaskQueue","status":"passed","title":"有任务时渲染 TaskQueue","duration":3.5124000000000706,"failureMessages":[],"meta":{},"tags":[]}],"startTime":1778397898196,"endTime":1778397898328.5125,"status":"passed","message":"","name":"/workspace/linkswift-desktop/tests/App.test.tsx"},{"assertionResults":[{"ancestorTitles":["Tauri 命令注册一致性"],"fullName":"Tauri 命令注册一致性 前端调用的所有命令在后端都有定义","status":"passed","title":"前端调用的所有命令在后端都有定义","duration":5.170977999999877,"failureMessages":[],"meta":{},"tags":[]},{"ancestorTitles":["Tauri 命令注册一致性"],"fullName":"Tauri 命令注册一致性 后端命令 parse_share_link 应被前端使用","status":"passed","title":"后端命令 parse_share_link 应被前端使用","duration":0.8778939999999693,"failureMessages":[],"meta":{},"tags":[]},{"ancestorTitles":["Tauri 命令注册一致性"],"fullName":"Tauri 命令注册一致性 后端命令 open_login_window 应被前端使用","status":"passed","title":"后端命令 open_login_window 应被前端使用","duration":0.22541499999988446,"failureMessages":[],"meta":{},"tags":[]},{"ancestorTitles":["Tauri 命令注册一致性"],"fullName":"Tauri 命令注册一致性 前端不应使用后端不存在的命令名","status":"passed","title":"前端不应使用后端不存在的命令名","duration":0.4035599999999704,"failureMessages":[],"meta":{},"tags":[]}],"startTime":1778397917300,"endTime":1778397917308.4036,"status":"passed","message":"","name":"/workspace/linkswift-desktop/tests/command-registry.test.ts"},{"assertionResults":[{"ancestorTitles":["useAppStore"],"fullName":"useAppStore 初始状态: isFirstRun 为 true","status":"passed","title":"初始状态: isFirstRun 为 true","duration":1.5910959999996521,"failureMessages":[],"meta":{},"tags":[]},{"ancestorTitles":["useAppStore"],"fullName":"useAppStore 初始状态: shareInfo 为 null","status":"passed","title":"初始状态: shareInfo 为 null","duration":2.839657999999872,"failureMessages":[],"meta":{},"tags":[]},{"ancestorTitles":["useAppStore"],"fullName":"useAppStore 初始状态: rpc_servers 为空","status":"passed","title":"初始状态: rpc_servers 为空","duration":0.8990950000002158,"failureMessages":[],"meta":{},"tags":[]},{"ancestorTitles":["useAppStore"],"fullName":"useAppStore setShareInfo 更新分享信息","status":"passed","title":"setShareInfo 更新分享信息","duration":3.1812920000002123,"failureMessages":[],"meta":{},"tags":[]},{"ancestorTitles":["useAppStore"],"fullName":"useAppStore setShareInfo 为 null 时清空选中文件","status":"passed","title":"setShareInfo 为 null 时清空选中文件","duration":0.4566760000002432,"failureMessages":[],"meta":{},"tags":[]},{"ancestorTitles":["useAppStore"],"fullName":"useAppStore toggleFileSelection 选中文件","status":"passed","title":"toggleFileSelection 选中文件","duration":0.2787339999999858,"failureMessages":[],"meta":{},"tags":[]},{"ancestorTitles":["useAppStore"],"fullName":"useAppStore toggleFileSelection 取消选中","status":"passed","title":"toggleFileSelection 取消选中","duration":0.25302200000032826,"failureMessages":[],"meta":{},"tags":[]},{"ancestorTitles":["useAppStore"],"fullName":"useAppStore toggleFileSelection 多次选中不同文件","status":"passed","title":"toggleFileSelection 多次选中不同文件","duration":0.48212199999989025,"failureMessages":[],"meta":{},"tags":[]},{"ancestorTitles":["useAppStore"],"fullName":"useAppStore selectAllFiles 全选","status":"passed","title":"selectAllFiles 全选","duration":0.7106469999998808,"failureMessages":[],"meta":{},"tags":[]},{"ancestorTitles":["useAppStore"],"fullName":"useAppStore deselectAllFiles 全部取消","status":"passed","title":"deselectAllFiles 全部取消","duration":0.27303399999982503,"failureMessages":[],"meta":{},"tags":[]},{"ancestorTitles":["useAppStore"],"fullName":"useAppStore toggleFileSelection 无 shareInfo 时不操作","status":"passed","title":"toggleFileSelection 无 shareInfo 时不操作","duration":0.15338199999996505,"failureMessages":[],"meta":{},"tags":[]},{"ancestorTitles":["useAppStore"],"fullName":"useAppStore addTask 添加任务","status":"passed","title":"addTask 添加任务","duration":0.22309100000029503,"failureMessages":[],"meta":{},"tags":[]},{"ancestorTitles":["useAppStore"],"fullName":"useAppStore updateTaskStatus 更新任务状态","status":"passed","title":"updateTaskStatus 更新任务状态","duration":0.16222700000025725,"failureMessages":[],"meta":{},"tags":[]},{"ancestorTitles":["useAppStore"],"fullName":"useAppStore updateTaskStatus 不影响其他任务","status":"passed","title":"updateTaskStatus 不影响其他任务","duration":0.13769700000011653,"failureMessages":[],"meta":{},"tags":[]},{"ancestorTitles":["useAppStore"],"fullName":"useAppStore removeTask 删除任务","status":"passed","title":"removeTask 删除任务","duration":0.1918590000000222,"failureMessages":[],"meta":{},"tags":[]},{"ancestorTitles":["useAppStore"],"fullName":"useAppStore setLoading 设置加载状态","status":"passed","title":"setLoading 设置加载状态","duration":0.13441700000021228,"failureMessages":[],"meta":{},"tags":[]},{"ancestorTitles":["useAppStore"],"fullName":"useAppStore setError 设置错误信息","status":"passed","title":"setError 设置错误信息","duration":0.11592000000018743,"failureMessages":[],"meta":{},"tags":[]},{"ancestorTitles":["useAppStore"],"fullName":"useAppStore setTheme 切换主题","status":"passed","title":"setTheme 切换主题","duration":0.12252699999999095,"failureMessages":[],"meta":{},"tags":[]},{"ancestorTitles":["useAppStore"],"fullName":"useAppStore addRpcServer 添加 RPC 服务器","status":"passed","title":"addRpcServer 添加 RPC 服务器","duration":0.1683170000001155,"failureMessages":[],"meta":{},"tags":[]},{"ancestorTitles":["useAppStore"],"fullName":"useAppStore removeRpcServer 删除 RPC 服务器","status":"passed","title":"removeRpcServer 删除 RPC 服务器","duration":0.16760299999987183,"failureMessages":[],"meta":{},"tags":[]},{"ancestorTitles":["useAppStore"],"fullName":"useAppStore updateRpcServer 更新 RPC 服务器","status":"passed","title":"updateRpcServer 更新 RPC 服务器","duration":0.1441450000002078,"failureMessages":[],"meta":{},"tags":[]},{"ancestorTitles":["useAppStore"],"fullName":"useAppStore setDefaultRpcServer 设置默认服务器","status":"passed","title":"setDefaultRpcServer 设置默认服务器","duration":0.16105500000003303,"failureMessages":[],"meta":{},"tags":[]},{"ancestorTitles":["useAppStore"],"fullName":"useAppStore setFirstRunComplete 标记首次运行完成","status":"passed","title":"setFirstRunComplete 标记首次运行完成","duration":0.1047910000002048,"failureMessages":[],"meta":{},"tags":[]},{"ancestorTitles":["useAppStore"],"fullName":"useAppStore setConfig 完整替换配置","status":"passed","title":"setConfig 完整替换配置","duration":0.25704099999984464,"failureMessages":[],"meta":{},"tags":[]}],"startTime":1778397912935,"endTime":1778397912948.257,"status":"passed","message":"","name":"/workspace/linkswift-desktop/tests/store.test.ts"},{"assertionResults":[{"ancestorTitles":["FileItem 类型"],"fullName":"FileItem 类型 FileItem 必填字段完整","status":"passed","title":"FileItem 必填字段完整","duration":8.462441000000126,"failureMessages":[],"meta":{},"tags":[]},{"ancestorTitles":["FileItem 类型"],"fullName":"FileItem 类型 FileItem 可选字段可省略","status":"passed","title":"FileItem 可选字段可省略","duration":0.25326499999982843,"failureMessages":[],"meta":{},"tags":[]},{"ancestorTitles":["FileItem 类型"],"fullName":"FileItem 类型 FileItem 文件夹类型","status":"passed","title":"FileItem 文件夹类型","duration":0.1940669999999045,"failureMessages":[],"meta":{},"tags":[]},{"ancestorTitles":["FileItem 类型"],"fullName":"FileItem 类型 FileItem 完整字段","status":"passed","title":"FileItem 完整字段","duration":0.20854900000040288,"failureMessages":[],"meta":{},"tags":[]},{"ancestorTitles":["ShareInfo 类型"],"fullName":"ShareInfo 类型 ShareInfo 无密码分享","status":"passed","title":"ShareInfo 无密码分享","duration":0.7988929999996799,"failureMessages":[],"meta":{},"tags":[]},{"ancestorTitles":["ShareInfo 类型"],"fullName":"ShareInfo 类型 ShareInfo 有密码分享","status":"passed","title":"ShareInfo 有密码分享","duration":0.24210800000037125,"failureMessages":[],"meta":{},"tags":[]},{"ancestorTitles":["DownloadLink 类型"],"fullName":"DownloadLink 类型 DownloadLink 包含直链信息","status":"passed","title":"DownloadLink 包含直链信息","duration":0.28060999999979686,"failureMessages":[],"meta":{},"tags":[]},{"ancestorTitles":["DownloadLink 类型"],"fullName":"DownloadLink 类型 DownloadLink md5 可选","status":"passed","title":"DownloadLink md5 可选","duration":0.1722629999999299,"failureMessages":[],"meta":{},"tags":[]},{"ancestorTitles":["AppConfig 类型"],"fullName":"AppConfig 类型 AppConfig 默认值","status":"passed","title":"AppConfig 默认值","duration":0.6135140000001229,"failureMessages":[],"meta":{},"tags":[]},{"ancestorTitles":["AppConfig 类型"],"fullName":"AppConfig 类型 AppConfig 完整配置","status":"passed","title":"AppConfig 完整配置","duration":5.846205999999711,"failureMessages":[],"meta":{},"tags":[]},{"ancestorTitles":["RpcServer 类型"],"fullName":"RpcServer 类型 RpcServer 基本配置","status":"passed","title":"RpcServer 基本配置","duration":1.771277999999711,"failureMessages":[],"meta":{},"tags":[]},{"ancestorTitles":["RpcServer 类型"],"fullName":"RpcServer 类型 DownloaderType 所有变体","status":"passed","title":"DownloaderType 所有变体","duration":0.2217080000000351,"failureMessages":[],"meta":{},"tags":[]},{"ancestorTitles":["TaskStatus 类型"],"fullName":"TaskStatus 类型 TaskStatus Pending","status":"passed","title":"TaskStatus Pending","duration":0.1283659999999145,"failureMessages":[],"meta":{},"tags":[]},{"ancestorTitles":["TaskStatus 类型"],"fullName":"TaskStatus 类型 TaskStatus Transferring with progress","status":"passed","title":"TaskStatus Transferring with progress","duration":0.09142100000008213,"failureMessages":[],"meta":{},"tags":[]},{"ancestorTitles":["TaskStatus 类型"],"fullName":"TaskStatus 类型 TaskStatus Failed with reason","status":"passed","title":"TaskStatus Failed with reason","duration":0.0828470000001289,"failureMessages":[],"meta":{},"tags":[]},{"ancestorTitles":["PaginatedFiles 类型"],"fullName":"PaginatedFiles 类型 PaginatedFiles 分页信息","status":"passed","title":"PaginatedFiles 分页信息","duration":0.09013000000004467,"failureMessages":[],"meta":{},"tags":[]},{"ancestorTitles":["DownloadTask 类型"],"fullName":"DownloadTask 类型 DownloadTask 完整结构","status":"passed","title":"DownloadTask 完整结构","duration":0.09224999999969441,"failureMessages":[],"meta":{},"tags":[]},{"ancestorTitles":["Theme 类型"],"fullName":"Theme 类型 Theme 所有变体","status":"passed","title":"Theme 所有变体","duration":0.12733699999989767,"failureMessages":[],"meta":{},"tags":[]},{"ancestorTitles":["ProxyConfig 类型"],"fullName":"ProxyConfig 类型 ProxyConfig 无认证","status":"passed","title":"ProxyConfig 无认证","duration":0.11087799999995696,"failureMessages":[],"meta":{},"tags":[]},{"ancestorTitles":["ProxyConfig 类型"],"fullName":"ProxyConfig 类型 ProxyConfig 有认证","status":"passed","title":"ProxyConfig 有认证","duration":2.374667000000045,"failureMessages":[],"meta":{},"tags":[]}],"startTime":1778397915189,"endTime":1778397915216.3748,"status":"passed","message":"","name":"/workspace/linkswift-desktop/tests/types.test.ts"},{"assertionResults":[{"ancestorTitles":["formatFileSize"],"fullName":"formatFileSize 0 字节","status":"passed","title":"0 字节","duration":2.005568999999923,"failureMessages":[],"meta":{},"tags":[]},{"ancestorTitles":["formatFileSize"],"fullName":"formatFileSize 字节","status":"passed","title":"字节","duration":0.20576000000028216,"failureMessages":[],"meta":{},"tags":[]},{"ancestorTitles":["formatFileSize"],"fullName":"formatFileSize KB","status":"passed","title":"KB","duration":0.14333499999975174,"failureMessages":[],"meta":{},"tags":[]},{"ancestorTitles":["formatFileSize"],"fullName":"formatFileSize MB","status":"passed","title":"MB","duration":0.38469199999963166,"failureMessages":[],"meta":{},"tags":[]},{"ancestorTitles":["formatFileSize"],"fullName":"formatFileSize GB","status":"passed","title":"GB","duration":0.31074800000033065,"failureMessages":[],"meta":{},"tags":[]},{"ancestorTitles":["formatFileSize"],"fullName":"formatFileSize TB","status":"passed","title":"TB","duration":0.23918300000013915,"failureMessages":[],"meta":{},"tags":[]},{"ancestorTitles":["formatFileSize"],"fullName":"formatFileSize 1.5 GB","status":"passed","title":"1.5 GB","duration":0.35506200000008903,"failureMessages":[],"meta":{},"tags":[]},{"ancestorTitles":["formatFileSize"],"fullName":"formatFileSize 12.3 GB","status":"passed","title":"12.3 GB","duration":1.375774999999976,"failureMessages":[],"meta":{},"tags":[]},{"ancestorTitles":["formatTimestamp"],"fullName":"formatTimestamp 0 返回占位符","status":"passed","title":"0 返回占位符","duration":0.23585200000024997,"failureMessages":[],"meta":{},"tags":[]},{"ancestorTitles":["formatTimestamp"],"fullName":"formatTimestamp 有效时间戳","status":"passed","title":"有效时间戳","duration":22.98439899999994,"failureMessages":[],"meta":{},"tags":[]},{"ancestorTitles":["parseShareUrl"],"fullName":"parseShareUrl 有效的夸克分享链接","status":"passed","title":"有效的夸克分享链接","duration":0.2507270000000972,"failureMessages":[],"meta":{},"tags":[]},{"ancestorTitles":["parseShareUrl"],"fullName":"parseShareUrl 带尾部斜杠的链接","status":"passed","title":"带尾部斜杠的链接","duration":0.13672799999994822,"failureMessages":[],"meta":{},"tags":[]},{"ancestorTitles":["parseShareUrl"],"fullName":"parseShareUrl 带查询参数的链接","status":"passed","title":"带查询参数的链接","duration":0.0869860000002518,"failureMessages":[],"meta":{},"tags":[]},{"ancestorTitles":["parseShareUrl"],"fullName":"parseShareUrl http 协议","status":"passed","title":"http 协议","duration":0.07356000000027052,"failureMessages":[],"meta":{},"tags":[]},{"ancestorTitles":["parseShareUrl"],"fullName":"parseShareUrl 无效域名","status":"passed","title":"无效域名","duration":0.22226399999999558,"failureMessages":[],"meta":{},"tags":[]},{"ancestorTitles":["parseShareUrl"],"fullName":"parseShareUrl 非 URL 字符串","status":"passed","title":"非 URL 字符串","duration":0.3615240000003723,"failureMessages":[],"meta":{},"tags":[]},{"ancestorTitles":["parseShareUrl"],"fullName":"parseShareUrl 空字符串","status":"passed","title":"空字符串","duration":0.1328880000000936,"failureMessages":[],"meta":{},"tags":[]},{"ancestorTitles":["parseShareUrl"],"fullName":"parseShareUrl 缺少分享 ID","status":"passed","title":"缺少分享 ID","duration":0.38364099999989776,"failureMessages":[],"meta":{},"tags":[]},{"ancestorTitles":["isValidUrl"],"fullName":"isValidUrl 有效 URL","status":"passed","title":"有效 URL","duration":0.17437199999994846,"failureMessages":[],"meta":{},"tags":[]},{"ancestorTitles":["isValidUrl"],"fullName":"isValidUrl http URL","status":"passed","title":"http URL","duration":0.07769000000007509,"failureMessages":[],"meta":{},"tags":[]},{"ancestorTitles":["isValidUrl"],"fullName":"isValidUrl 无效 URL","status":"passed","title":"无效 URL","duration":0.2383929999996326,"failureMessages":[],"meta":{},"tags":[]},{"ancestorTitles":["isValidUrl"],"fullName":"isValidUrl 空字符串","status":"passed","title":"空字符串","duration":0.5334279999997307,"failureMessages":[],"meta":{},"tags":[]},{"ancestorTitles":["getErrorMessage"],"fullName":"getErrorMessage Error 对象","status":"passed","title":"Error 对象","duration":0.2863809999998921,"failureMessages":[],"meta":{},"tags":[]},{"ancestorTitles":["getErrorMessage"],"fullName":"getErrorMessage 字符串","status":"passed","title":"字符串","duration":0.10526900000013484,"failureMessages":[],"meta":{},"tags":[]},{"ancestorTitles":["getErrorMessage"],"fullName":"getErrorMessage 其他类型","status":"passed","title":"其他类型","duration":0.06816400000025169,"failureMessages":[],"meta":{},"tags":[]},{"ancestorTitles":["getErrorMessage"],"fullName":"getErrorMessage null","status":"passed","title":"null","duration":0.06217400000014095,"failureMessages":[],"meta":{},"tags":[]},{"ancestorTitles":["getErrorMessage"],"fullName":"getErrorMessage undefined","status":"passed","title":"undefined","duration":0.05568599999969592,"failureMessages":[],"meta":{},"tags":[]}],"startTime":1778397910383,"endTime":1778397910415.2864,"status":"passed","message":"","name":"/workspace/linkswift-desktop/tests/utils.test.ts"},{"assertionResults":[{"ancestorTitles":["FileList 组件"],"fullName":"FileList 组件 渲染文件列表","status":"passed","title":"渲染文件列表","duration":603.5182299999999,"failureMessages":[],"meta":{},"tags":[]},{"ancestorTitles":["FileList 组件"],"fullName":"FileList 组件 文件显示正确的大小格式","status":"passed","title":"文件显示正确的大小格式","duration":5.107250000000022,"failureMessages":[],"meta":{},"tags":[]},{"ancestorTitles":["FileList 组件"],"fullName":"FileList 组件 文件夹显示文件夹图标","status":"passed","title":"文件夹显示文件夹图标","duration":4.494331000000329,"failureMessages":[],"meta":{},"tags":[]},{"ancestorTitles":["FileList 组件"],"fullName":"FileList 组件 文件显示文件图标","status":"passed","title":"文件显示文件图标","duration":5.746971999999914,"failureMessages":[],"meta":{},"tags":[]},{"ancestorTitles":["FileList 组件"],"fullName":"FileList 组件 点击复选框触发 onToggle","status":"passed","title":"点击复选框触发 onToggle","duration":14.172101999999995,"failureMessages":[],"meta":{},"tags":[]},{"ancestorTitles":["FileList 组件"],"fullName":"FileList 组件 全选按钮触发 onSelectAll","status":"passed","title":"全选按钮触发 onSelectAll","duration":6.109535999999935,"failureMessages":[],"meta":{},"tags":[]},{"ancestorTitles":["FileList 组件"],"fullName":"FileList 组件 反选按钮触发 onDeselectAll","status":"passed","title":"反选按钮触发 onDeselectAll","duration":2.7904789999997774,"failureMessages":[],"meta":{},"tags":[]},{"ancestorTitles":["FileList 组件"],"fullName":"FileList 组件 已选中的文件 checkbox 为 checked","status":"passed","title":"已选中的文件 checkbox 为 checked","duration":3.574185999999827,"failureMessages":[],"meta":{},"tags":[]},{"ancestorTitles":["FileList 组件"],"fullName":"FileList 组件 点击文件夹触发 onExpand","status":"passed","title":"点击文件夹触发 onExpand","duration":3.2713569999996253,"failureMessages":[],"meta":{},"tags":[]},{"ancestorTitles":["FileList 组件"],"fullName":"FileList 组件 空文件列表渲染","status":"passed","title":"空文件列表渲染","duration":1.653063000000202,"failureMessages":[],"meta":{},"tags":[]}],"startTime":1778397905283,"endTime":1778397905933.653,"status":"passed","message":"","name":"/workspace/linkswift-desktop/tests/components/FileList.test.tsx"},{"assertionResults":[{"ancestorTitles":["FirstRunWizard 组件"],"fullName":"FirstRunWizard 组件 渲染向导第一步","status":"passed","title":"渲染向导第一步","duration":30.39244199999939,"failureMessages":[],"meta":{},"tags":[]},{"ancestorTitles":["FirstRunWizard 组件"],"fullName":"FirstRunWizard 组件 第一步显示登录按钮","status":"passed","title":"第一步显示登录按钮","duration":3.64578100000017,"failureMessages":[],"meta":{},"tags":[]},{"ancestorTitles":["FirstRunWizard 组件"],"fullName":"FirstRunWizard 组件 未登录时下一步按钮禁用","status":"passed","title":"未登录时下一步按钮禁用","duration":11.828139000000192,"failureMessages":[],"meta":{},"tags":[]},{"ancestorTitles":["FirstRunWizard 组件"],"fullName":"FirstRunWizard 组件 登录成功后下一步按钮启用","status":"passed","title":"登录成功后下一步按钮启用","duration":15.648640000000341,"failureMessages":[],"meta":{},"tags":[]},{"ancestorTitles":["FirstRunWizard 组件"],"fullName":"FirstRunWizard 组件 点击下一步进入 RPC 配置步骤","status":"passed","title":"点击下一步进入 RPC 配置步骤","duration":10.307731999999305,"failureMessages":[],"meta":{},"tags":[]},{"ancestorTitles":["FirstRunWizard 组件"],"fullName":"FirstRunWizard 组件 RPC 配置步骤显示输入框","status":"passed","title":"RPC 配置步骤显示输入框","duration":7.605217000000266,"failureMessages":[],"meta":{},"tags":[]},{"ancestorTitles":["FirstRunWizard 组件"],"fullName":"FirstRunWizard 组件 上一步按钮返回登录步骤","status":"passed","title":"上一步按钮返回登录步骤","duration":8.940818000000036,"failureMessages":[],"meta":{},"tags":[]},{"ancestorTitles":["FirstRunWizard 组件"],"fullName":"FirstRunWizard 组件 完成步骤调用 onComplete","status":"passed","title":"完成步骤调用 onComplete","duration":14.007034999999632,"failureMessages":[],"meta":{},"tags":[]},{"ancestorTitles":["FirstRunWizard 组件"],"fullName":"FirstRunWizard 组件 显示步骤进度","status":"passed","title":"显示步骤进度","duration":8.082166000000143,"failureMessages":[],"meta":{},"tags":[]}],"startTime":1778397903320,"endTime":1778397903431.0823,"status":"passed","message":"","name":"/workspace/linkswift-desktop/tests/components/FirstRunWizard.test.tsx"},{"assertionResults":[{"ancestorTitles":["LinkInput 组件"],"fullName":"LinkInput 组件 渲染输入框和解析按钮","status":"passed","title":"渲染输入框和解析按钮","duration":30.61691299999984,"failureMessages":[],"meta":{},"tags":[]},{"ancestorTitles":["LinkInput 组件"],"fullName":"LinkInput 组件 输入 URL 后点击解析按钮调用 onParse","status":"passed","title":"输入 URL 后点击解析按钮调用 onParse","duration":262.29084699999976,"failureMessages":[],"meta":{},"tags":[]},{"ancestorTitles":["LinkInput 组件"],"fullName":"LinkInput 组件 空输入点击解析显示错误","status":"passed","title":"空输入点击解析显示错误","duration":4.55947900000001,"failureMessages":[],"meta":{},"tags":[]},{"ancestorTitles":["LinkInput 组件"],"fullName":"LinkInput 组件 加载中状态禁用按钮","status":"passed","title":"加载中状态禁用按钮","duration":3.771571999999651,"failureMessages":[],"meta":{},"tags":[]},{"ancestorTitles":["LinkInput 组件"],"fullName":"LinkInput 组件 Enter 键触发解析","status":"passed","title":"Enter 键触发解析","duration":91.2719689999999,"failureMessages":[],"meta":{},"tags":[]},{"ancestorTitles":["LinkInput 组件"],"fullName":"LinkInput 组件 输入框有正确的 placeholder","status":"passed","title":"输入框有正确的 placeholder","duration":2.708849999999984,"failureMessages":[],"meta":{},"tags":[]},{"ancestorTitles":["LinkInput 组件"],"fullName":"LinkInput 组件 输入内容后清除错误","status":"passed","title":"输入内容后清除错误","duration":94.71428100000003,"failureMessages":[],"meta":{},"tags":[]}],"startTime":1778397895985,"endTime":1778397896475.7144,"status":"passed","message":"","name":"/workspace/linkswift-desktop/tests/components/LinkInput.test.tsx"},{"assertionResults":[{"ancestorTitles":["Settings 组件"],"fullName":"Settings 组件 渲染设置面板","status":"passed","title":"渲染设置面板","duration":49.26497300000028,"failureMessages":[],"meta":{},"tags":[]},{"ancestorTitles":["Settings 组件"],"fullName":"Settings 组件 显示登录状态","status":"passed","title":"显示登录状态","duration":6.423910999999862,"failureMessages":[],"meta":{},"tags":[]},{"ancestorTitles":["Settings 组件"],"fullName":"Settings 组件 未登录状态","status":"passed","title":"未登录状态","duration":4.5318529999999555,"failureMessages":[],"meta":{},"tags":[]},{"ancestorTitles":["Settings 组件"],"fullName":"Settings 组件 显示已配置的 RPC 服务器","status":"passed","title":"显示已配置的 RPC 服务器","duration":11.500539000000117,"failureMessages":[],"meta":{},"tags":[]},{"ancestorTitles":["Settings 组件"],"fullName":"Settings 组件 删除 RPC 服务器","status":"passed","title":"删除 RPC 服务器","duration":10.213975000000119,"failureMessages":[],"meta":{},"tags":[]},{"ancestorTitles":["Settings 组件"],"fullName":"Settings 组件 重新登录按钮","status":"passed","title":"重新登录按钮","duration":5.636449999999968,"failureMessages":[],"meta":{},"tags":[]},{"ancestorTitles":["Settings 组件"],"fullName":"Settings 组件 添加 RPC 服务器","status":"passed","title":"添加 RPC 服务器","duration":270.7339670000001,"failureMessages":[],"meta":{},"tags":[]},{"ancestorTitles":["Settings 组件"],"fullName":"Settings 组件 测试连接成功","status":"passed","title":"测试连接成功","duration":71.96795799999973,"failureMessages":[],"meta":{},"tags":[]},{"ancestorTitles":["Settings 组件"],"fullName":"Settings 组件 测试连接失败","status":"passed","title":"测试连接失败","duration":87.46277700000019,"failureMessages":[],"meta":{},"tags":[]}],"startTime":1778397892922,"endTime":1778397893439.463,"status":"passed","message":"","name":"/workspace/linkswift-desktop/tests/components/Settings.test.tsx"},{"assertionResults":[{"ancestorTitles":["TaskQueue 组件"],"fullName":"TaskQueue 组件 渲染任务队列","status":"passed","title":"渲染任务队列","duration":93.56218899999999,"failureMessages":[],"meta":{},"tags":[]},{"ancestorTitles":["TaskQueue 组件"],"fullName":"TaskQueue 组件 显示任务数量","status":"passed","title":"显示任务数量","duration":29.655778000000282,"failureMessages":[],"meta":{},"tags":[]},{"ancestorTitles":["TaskQueue 组件"],"fullName":"TaskQueue 组件 已完成任务显示完成图标","status":"passed","title":"已完成任务显示完成图标","duration":3.1045600000002196,"failureMessages":[],"meta":{},"tags":[]},{"ancestorTitles":["TaskQueue 组件"],"fullName":"TaskQueue 组件 进行中任务显示进度","status":"passed","title":"进行中任务显示进度","duration":2.6894470000002,"failureMessages":[],"meta":{},"tags":[]},{"ancestorTitles":["TaskQueue 组件"],"fullName":"TaskQueue 组件 进行中任务显示进度条","status":"passed","title":"进行中任务显示进度条","duration":30.16594299999997,"failureMessages":[],"meta":{},"tags":[]},{"ancestorTitles":["TaskQueue 组件"],"fullName":"TaskQueue 组件 失败任务显示错误原因","status":"passed","title":"失败任务显示错误原因","duration":2.5025430000000597,"failureMessages":[],"meta":{},"tags":[]},{"ancestorTitles":["TaskQueue 组件"],"fullName":"TaskQueue 组件 失败任务显示重试按钮","status":"passed","title":"失败任务显示重试按钮","duration":7.288203000000067,"failureMessages":[],"meta":{},"tags":[]},{"ancestorTitles":["TaskQueue 组件"],"fullName":"TaskQueue 组件 已完成任务不显示重试按钮","status":"passed","title":"已完成任务不显示重试按钮","duration":3.5976909999999407,"failureMessages":[],"meta":{},"tags":[]},{"ancestorTitles":["TaskQueue 组件"],"fullName":"TaskQueue 组件 删除按钮触发 onRemove","status":"passed","title":"删除按钮触发 onRemove","duration":5.724271999999928,"failureMessages":[],"meta":{},"tags":[]},{"ancestorTitles":["TaskQueue 组件"],"fullName":"TaskQueue 组件 空任务队列","status":"passed","title":"空任务队列","duration":1.8874289999998837,"failureMessages":[],"meta":{},"tags":[]}],"startTime":1778397908005,"endTime":1778397908185.8875,"status":"passed","message":"","name":"/workspace/linkswift-desktop/tests/components/TaskQueue.test.tsx"}]}